\BOOKMARK [0][-]{section*.1}{Contents}{}% 1
\BOOKMARK [0][-]{section*.2}{List of Figures}{}% 2
\BOOKMARK [0][-]{section*.3}{List of Tables}{}% 3
\BOOKMARK [0][-]{chapter.1}{Format of technical report}{}% 4
\BOOKMARK [0][-]{chapter.2}{Introduction to StM3 Assignment}{}% 5
\BOOKMARK [1][-]{section.2.1}{Aims/Scope of project}{chapter.2}% 6
\BOOKMARK [1][-]{section.2.2}{Description of wing torque box}{chapter.2}% 7
\BOOKMARK [0][-]{chapter.3}{Finite Element Model}{}% 8
\BOOKMARK [1][-]{section.3.1}{Pre-processing steps}{chapter.3}% 9
\BOOKMARK [0][-]{chapter.4}{Analytical Wing Sizing Calculations}{}% 10
\BOOKMARK [1][-]{section.4.1}{Initial wing sizing calculations}{chapter.4}% 11
\BOOKMARK [0][-]{chapter.5}{Results of Finite Element Model}{}% 12
\BOOKMARK [1][-]{section.5.1}{Results from Exercise \0431}{chapter.5}% 13
\BOOKMARK [1][-]{section.5.2}{Verification against Analytical Solutions}{chapter.5}% 14
\BOOKMARK [1][-]{section.5.3}{Discussion of Results}{chapter.5}% 15
\BOOKMARK [1][-]{section.5.4}{Improvements to FE Design - Inspection hole analysis}{chapter.5}% 16
\BOOKMARK [0][-]{chapter.6}{Conclusions and Future Work}{}% 17
\BOOKMARK [0][-]{section*.5}{Bibliography}{}% 18
\BOOKMARK [0][-]{appendix.A}{MSC Nastran .bdf file}{}% 19
\BOOKMARK [0][-]{appendix.B}{Analytical Calculations}{}% 20
